Determining if the pthread_create exist failed with the following output:
Change Dir: /home/autoware/Desktop/SFND_P1_Lidar_Obstacle_Detection-master/build/CMakeFiles/CMakeTmp

Run Build Command:"/usr/bin/make" "cmTC_fe66a/fast"
/usr/bin/make -f CMakeFiles/cmTC_fe66a.dir/build.make CMakeFiles/cmTC_fe66a.dir/build
make[1]: Entering directory '/home/autoware/Desktop/SFND_P1_Lidar_Obstacle_Detection-master/build/CMakeFiles/CMakeTmp'
Building C object CMakeFiles/cmTC_fe66a.dir/CheckSymbolExists.c.o
/usr/bin/cc     -o CMakeFiles/cmTC_fe66a.dir/CheckSymbolExists.c.o   -c /home/autoware/Desktop/SFND_P1_Lidar_Obstacle_Detection-master/build/CMakeFiles/CMakeTmp/CheckSymbolExists.c
Linking C executable cmTC_fe66a
/usr/bin/cmake -E cmake_link_script CMakeFiles/cmTC_fe66a.dir/link.txt --verbose=1
/usr/bin/cc       CMakeFiles/cmTC_fe66a.dir/CheckSymbolExists.c.o  -o cmTC_fe66a -rdynamic 
CMakeFiles/cmTC_fe66a.dir/CheckSymbolExists.c.o: In function `main':
CheckSymbolExists.c:(.text+0x16): undefined reference to `pthread_create'
collect2: error: ld returned 1 exit status
CMakeFiles/cmTC_fe66a.dir/build.make:97: recipe for target 'cmTC_fe66a' failed
make[1]: *** [cmTC_fe66a] Error 1
make[1]: Leaving directory '/home/autoware/Desktop/SFND_P1_Lidar_Obstacle_Detection-master/build/CMakeFiles/CMakeTmp'
Makefile:126: recipe for target 'cmTC_fe66a/fast' failed
make: *** [cmTC_fe66a/fast] Error 2

File /home/autoware/Desktop/SFND_P1_Lidar_Obstacle_Detection-master/build/CMakeFiles/CMakeTmp/CheckSymbolExists.c:
/* */
#include <pthread.h>

int main(int argc, char** argv)
{
  (void)argv;
#ifndef pthread_create
  return ((int*)(&pthread_create))[argc];
#else
  (void)argc;
  return 0;
#endif
}

Determining if the function pthread_create exists in the pthreads failed with the following output:
Change Dir: /home/autoware/Desktop/SFND_P1_Lidar_Obstacle_Detection-master/build/CMakeFiles/CMakeTmp

Run Build Command:"/usr/bin/make" "cmTC_4e99b/fast"
/usr/bin/make -f CMakeFiles/cmTC_4e99b.dir/build.make CMakeFiles/cmTC_4e99b.dir/build
make[1]: Entering directory '/home/autoware/Desktop/SFND_P1_Lidar_Obstacle_Detection-master/build/CMakeFiles/CMakeTmp'
Building C object CMakeFiles/cmTC_4e99b.dir/CheckFunctionExists.c.o
/usr/bin/cc    -DCHECK_FUNCTION_EXISTS=pthread_create   -o CMakeFiles/cmTC_4e99b.dir/CheckFunctionExists.c.o   -c /usr/share/cmake-3.5/Modules/CheckFunctionExists.c
Linking C executable cmTC_4e99b
/usr/bin/cmake -E cmake_link_script CMakeFiles/cmTC_4e99b.dir/link.txt --verbose=1
/usr/bin/cc   -DCHECK_FUNCTION_EXISTS=pthread_create    CMakeFiles/cmTC_4e99b.dir/CheckFunctionExists.c.o  -o cmTC_4e99b -rdynamic -lpthreads 
/usr/bin/ld: cannot find -lpthreads
collect2: error: ld returned 1 exit status
CMakeFiles/cmTC_4e99b.dir/build.make:97: recipe for target 'cmTC_4e99b' failed
make[1]: *** [cmTC_4e99b] Error 1
make[1]: Leaving directory '/home/autoware/Desktop/SFND_P1_Lidar_Obstacle_Detection-master/build/CMakeFiles/CMakeTmp'
Makefile:126: recipe for target 'cmTC_4e99b/fast' failed
make: *** [cmTC_4e99b/fast] Error 2


